2022-05-01 18:14:17-log: [Package] menu@1.0.0 enable
2022-05-01 18:14:17-log: [Package] profile@1.0.0 enable
2022-05-01 18:14:17-log: [Package] project@1.0.1 enable
2022-05-01 18:14:17-log: [Package] messages@1.0.0 enable
2022-05-01 18:14:17-log: [Package] program@1.0.0 enable
2022-05-01 18:14:17-log: [Package] device@1.0.1 enable
2022-05-01 18:14:17-log: [Package] ui-kit@1.0.1 enable
2022-05-01 18:14:17-log: [Package] tester@1.0.0 enable
2022-05-01 18:14:17-log: [Package] preferences@1.0.0 enable
2022-05-01 18:14:18-log: Setup mods mgr.: 261.165ms
2022-05-01 18:14:18-log: Profile changed: engine (modules.includeModules: 2d,3d,audio,base,dragon-bones,gfx-webgl,gfx-webgl2,intersection-2d,marionette,particle,particle-2d,physics-2d-box2d,physics-ammo,primitive,profiler,spine,terrain,tiled-map,tween,ui,video,webview)
2022-05-01 18:14:18-log: [Package] engine@1.0.5 enable
2022-05-01 18:14:21-log: [Package] programming@1.0.0 enable
2022-05-01 18:14:22-log: [Package] engine-extends@1.0.0 enable
2022-05-01 18:14:22-log: [Package] asset-db@1.0.0 enable
2022-05-01 18:14:22-log: [Package] console@1.0.0 enable
2022-05-01 18:14:22-log: [Package] scene@1.0.0 enable
2022-05-01 18:14:22-log: [Package] about@1.0.0 enable
2022-05-01 18:14:22-log: [Package] server@1.0.0 enable
2022-05-01 18:14:22-log: [Package] utils@1.0.0 enable
2022-05-01 18:14:22-log: [Package] assets@1.0.0 enable
2022-05-01 18:14:22-log: [Package] inspector@1.0.0 enable
2022-05-01 18:14:22-log: [Package] hierarchy@1.0.0 enable
2022-05-01 18:14:24-log: [Package] preview@1.0.1 enable
2022-05-01 18:14:24-log: [Package] animator@1.0.0 enable
2022-05-01 18:14:26-log: Profile changed: builder (log.level: 4)
2022-05-01 18:14:26-log: [Package] builder@1.3.1 enable
2022-05-01 18:14:26-log: [Package] node-library@1.0.0 enable
2022-05-01 18:14:26-log: [Package] shortcuts@1.0.1 enable
2022-05-01 18:14:26-log: [Package] package-asset@1.0.0 enable
2022-05-01 18:14:26-log: [Package] reference-image@1.0.0 enable
2022-05-01 18:14:26-log: [Package] animation-graph@1.0.0 enable
2022-05-01 18:14:27-log: [Package] channel-upload-tools@1.0.0 enable
2022-05-01 18:14:27-log: [Package] runtime-dev-tools@1.0.0 enable
2022-05-01 18:14:27-log: [Package] lightmap@1.0.4 enable
2022-05-01 18:14:27-log: [Package] alipay-mini-game@1.0.0 enable
2022-05-01 18:14:27-log: [Package] android@1.0.0 enable
2022-05-01 18:14:27-log: [Package] baidu-mini-game@1.0.0 enable
2022-05-01 18:14:27-log: [Package] bytedance-mini-game@1.0.1 enable
2022-05-01 18:14:27-log: [Package] huawei-agc@1.0.0 enable
2022-05-01 18:14:28-log: [Package] ios@1.0.0 enable
2022-05-01 18:14:28-log: [Package] ios-app-clip@1.0.0 enable
2022-05-01 18:14:28-log: [Package] mac@1.0.0 enable
2022-05-01 18:14:28-log: [Package] native@1.0.0 enable
2022-05-01 18:14:28-log: [Package] ohos@1.0.0 enable
2022-05-01 18:14:28-log: [Package] web-desktop@1.0.0 enable
2022-05-01 18:14:28-log: [Package] web-mobile@1.0.0 enable
2022-05-01 18:14:29-log: [Package] wechatgame@1.0.1 enable
2022-05-01 18:14:29-log: [Package] windows@1.0.0 enable
2022-05-01 18:14:29-log: [Package] xiaomi-quick-game@1.0.0 enable
2022-05-01 18:14:29-log: [Package] cocos-play@1.0.0 enable
2022-05-01 18:14:29-log: [Package] huawei-quick-game@1.0.0 enable
2022-05-01 18:14:29-log: [Package] link-sure@1.0.0 enable
2022-05-01 18:14:29-log: [Package] oppo-mini-game@1.0.0 enable
2022-05-01 18:14:29-log: [Package] qtt@1.0.0 enable
2022-05-01 18:14:29-log: [Package] vivo-mini-game@1.0.0 enable
2022-05-01 18:14:29-log: [Package] cocos-service@3.0.2 enable
2022-05-01 18:14:29-log: [Package] importer@1.0.0 enable
2022-05-01 18:14:30-log: [Package] extension@3.0.15 enable
2022-05-01 18:14:30-log: [Im-plugin] Check im-plugin version.
2022-05-01 18:14:30-log: [Package] im-plugin@3.0.8 enable
2022-05-01 18:14:35-warn: Browserslist: caniuse-lite is outdated. Please run:
npx browserslist@latest --update-db

Why you should do it regularly:
https://github.com/browserslist/browserslist#browsers-data-updating
2022-05-01 18:14:35-log: [Im-plugin] No online info of im-plugin.
2022-05-01 18:14:35-log: [Scene] Cocos Creator v3.4.2
2022-05-01 18:14:35-info: [Scene] Forward render pipeline initialized.
2022-05-01 18:20:52-error: [Scene] JSONAsset is not defined
2022-05-01 18:21:14-error: [Scene] Please define 'type' parameter of PopUpManager.popupdata as the constructor of [object JSON].
2022-05-01 18:24:22-error: ENOENT: no such file or directory, stat '/Users/prajwal/PopUpManager/temp/programming/packer-driver/targets/preview/mods/fs/0/assets/Games/BuyToys/BTSScripts/BTSParsing.js'
2022-05-01 18:24:22-error: ENOENT: no such file or directory, stat '/Users/prajwal/PopUpManager/temp/programming/packer-driver/targets/preview/mods/fs/0/assets/Games/POddOneOut/ODOscripts/ODOAudioManager.js'
2022-05-01 18:24:22-error: ENOENT: no such file or directory, stat '/Users/prajwal/PopUpManager/temp/programming/packer-driver/targets/preview/mods/fs/0/assets/Games/POddOneOut/ODOscripts/ODOConstant.js'
2022-05-01 18:24:22-error: ENOENT: no such file or directory, stat '/Users/prajwal/PopUpManager/temp/programming/packer-driver/targets/preview/mods/fs/0/assets/Games/POddOneOut/ODOscripts/ODOProgression.js'
2022-05-01 18:24:22-error: ENOENT: no such file or directory, stat '/Users/prajwal/PopUpManager/temp/programming/packer-driver/targets/preview/mods/fs/0/assets/Games/PictoSudoku/PSDKScripts/PSDKGlobals.js'
2022-05-01 18:24:22-error: ENOENT: no such file or directory, stat '/Users/prajwal/PopUpManager/temp/programming/packer-driver/targets/preview/mods/fs/0/assets/Games/PictoSudoku/PSDKScripts/PSDKLevelSelection.js'
2022-05-01 18:24:22-error: ENOENT: no such file or directory, stat '/Users/prajwal/PopUpManager/temp/programming/packer-driver/targets/preview/mods/fs/0/assets/Games/PictoSudoku/PSDKScripts/PSDKPictoTutorials.js'
2022-05-01 18:24:22-error: ENOENT: no such file or directory, stat '/Users/prajwal/PopUpManager/temp/programming/packer-driver/targets/preview/mods/fs/0/assets/Games/PictoSudoku/PSDKScripts/PSDKThemeSelector.js'
2022-05-01 18:24:22-error: ENOENT: no such file or directory, stat '/Users/prajwal/PopUpManager/temp/programming/packer-driver/targets/preview/mods/fs/0/assets/Games/ToyShop/TSPScripts/TSPGameConst.js'
2022-05-01 18:24:22-error: ENOENT: no such file or directory, stat '/Users/prajwal/PopUpManager/temp/programming/packer-driver/targets/preview/mods/fs/0/assets/Games/WhereAmI/PMGCCScript/PMGCCAudioManager.js'
2022-05-01 18:24:22-error: ENOENT: no such file or directory, stat '/Users/prajwal/PopUpManager/temp/programming/packer-driver/targets/preview/mods/fs/0/assets/Games/WhereAmI/PMGCCScript/PMGCCMainMenu.js'
2022-05-01 18:24:22-error: ENOENT: no such file or directory, stat '/Users/prajwal/PopUpManager/temp/programming/packer-driver/targets/preview/mods/fs/0/assets/TN_Scripts/ClassNodeClick.js'
2022-05-01 18:24:22-error: ENOENT: no such file or directory, stat '/Users/prajwal/PopUpManager/temp/programming/packer-driver/targets/preview/mods/fs/0/assets/Games/BuyToys/BTSScripts/BTSGameConstant.js'
2022-05-01 18:24:22-error: ENOENT: no such file or directory, stat '/Users/prajwal/PopUpManager/temp/programming/packer-driver/targets/preview/mods/fs/0/assets/Games/POddOneOut/ODOscripts/ODOGameManager.js'
2022-05-01 18:24:22-error: ENOENT: no such file or directory, stat '/Users/prajwal/PopUpManager/temp/programming/packer-driver/targets/preview/mods/fs/0/assets/Games/BuyToys/BTSScripts/BTSMainMenu.js'
2022-05-01 18:24:22-error: ENOENT: no such file or directory, stat '/Users/prajwal/PopUpManager/temp/programming/packer-driver/targets/preview/mods/fs/0/assets/Games/BuyToys/BTSScripts/BTSGameManager.js'
2022-05-01 18:24:22-error: ENOENT: no such file or directory, stat '/Users/prajwal/PopUpManager/temp/programming/packer-driver/targets/preview/mods/fs/0/assets/Games/POddOneOut/ODOscripts/ODOParsing.js'
2022-05-01 18:24:22-error: ENOENT: no such file or directory, stat '/Users/prajwal/PopUpManager/temp/programming/packer-driver/targets/preview/mods/fs/0/assets/Games/POddOneOut/ODOscripts/ODOMainMenu.js'
2022-05-01 18:24:22-error: ENOENT: no such file or directory, stat '/Users/prajwal/PopUpManager/temp/programming/packer-driver/targets/preview/mods/fs/0/assets/Games/POddOneOut/ODOscripts/OddOneTutorial.js'
2022-05-01 18:24:22-error: ENOENT: no such file or directory, stat '/Users/prajwal/PopUpManager/temp/programming/packer-driver/targets/preview/mods/fs/0/assets/Games/PictoSudoku/PSDKScripts/PSDKGridBackGroundManager.js'
2022-05-01 18:24:22-error: ENOENT: no such file or directory, stat '/Users/prajwal/PopUpManager/temp/programming/packer-driver/targets/preview/mods/fs/0/assets/Games/PictoSudoku/PSDKScripts/PSDKGridSolver.js'
2022-05-01 18:24:22-error: ENOENT: no such file or directory, stat '/Users/prajwal/PopUpManager/temp/programming/packer-driver/targets/preview/mods/fs/0/assets/Games/PictoSudoku/PSDKScripts/PSDKAudioManager.js'
2022-05-01 18:24:22-error: ENOENT: no such file or directory, stat '/Users/prajwal/PopUpManager/temp/programming/packer-driver/targets/preview/mods/fs/0/assets/Games/PictoSudoku/PSDKScripts/PSDKParseData.js'
2022-05-01 18:24:22-error: ENOENT: no such file or directory, stat '/Users/prajwal/PopUpManager/temp/programming/packer-driver/targets/preview/mods/fs/0/assets/Games/ToyShop/TSPScripts/TSPMainMenu.js'
2022-05-01 18:24:22-error: ENOENT: no such file or directory, stat '/Users/prajwal/PopUpManager/temp/programming/packer-driver/targets/preview/mods/fs/0/assets/Games/ToyShop/TSPScripts/TSPParsing.js'
2022-05-01 18:24:22-error: ENOENT: no such file or directory, stat '/Users/prajwal/PopUpManager/temp/programming/packer-driver/targets/preview/mods/fs/0/assets/Games/WhereAmI/PMGCCScript/PMGCCMGConstant.js'
2022-05-01 18:24:22-error: ENOENT: no such file or directory, stat '/Users/prajwal/PopUpManager/temp/programming/packer-driver/targets/preview/mods/fs/0/assets/Games/WhereAmI/PMGCCScript/PMGCCGameManager.js'
2022-05-01 18:24:22-error: ENOENT: no such file or directory, stat '/Users/prajwal/PopUpManager/temp/programming/packer-driver/targets/preview/mods/fs/0/assets/Games/ToyShop/TSPScripts/TSPGameManager.js'
2022-05-01 18:24:22-error: ENOENT: no such file or directory, stat '/Users/prajwal/PopUpManager/temp/programming/packer-driver/targets/preview/mods/fs/0/assets/Games/WhereAmI/PMGCCScript/PMGCCWHIProgresion.js'
2022-05-01 18:24:22-error: ENOENT: no such file or directory, stat '/Users/prajwal/PopUpManager/temp/programming/packer-driver/targets/preview/mods/fs/0/assets/Games/WhereAmI/PMGCCScript/PMGCCWHITutorial.js'
2022-05-01 18:24:22-error: ENOENT: no such file or directory, stat '/Users/prajwal/PopUpManager/temp/programming/packer-driver/targets/preview/mods/fs/0/assets/TN_Scripts/TN_GameMenuManager.js'
2022-05-01 18:24:22-error: ENOENT: no such file or directory, stat '/Users/prajwal/PopUpManager/temp/programming/packer-driver/targets/preview/mods/fs/0/assets/TN_Scripts/TN_AssignmentClick.js'
2022-05-01 18:24:22-error: ENOENT: no such file or directory, stat '/Users/prajwal/PopUpManager/temp/programming/packer-driver/targets/preview/mods/fs/0/assets/TN_Scripts/TN_Games_ScrollingManager.js'
2022-05-01 18:24:22-error: ENOENT: no such file or directory, stat '/Users/prajwal/PopUpManager/temp/programming/packer-driver/targets/preview/mods/fs/0/assets/TN_Scripts/TN_Parallax1.js'
2022-05-01 18:24:22-error: ENOENT: no such file or directory, stat '/Users/prajwal/PopUpManager/temp/programming/packer-driver/targets/preview/mods/fs/0/assets/TN_Scripts/TN_ScrollingManager.js'
2022-05-01 18:24:22-error: ENOENT: no such file or directory, stat '/Users/prajwal/PopUpManager/temp/programming/packer-driver/targets/preview/mods/cce/internal/code-quality/cr.js'
2022-05-01 18:24:22-error: ENOENT: no such file or directory, stat '/Users/prajwal/PopUpManager/temp/programming/packer-driver/targets/preview/mods/fs/0/assets/TN_Scripts/TN_Manager.js'
2022-05-01 18:24:23-error: [Preview]load http://localhost:7456/assets/main/index.js failed
2022-05-01 18:24:23-error: [Preview]load virtual:///prerequisite-imports/main failed
2022-05-01 18:24:23-error: [Preview]Error loading virtual:///prerequisite-imports/main (SystemJS Error#3 https://git.io/JvFET#3)
2022-05-01 18:24:23-error: [Preview]@http://localhost:7456/scripting/systemjs/system.js:635:21
2022-05-01 18:24:23-error: [Preview]Error loading virtual:///prerequisite-imports/main (SystemJS Error#3 https://git.io/JvFET#3)
2022-05-01 18:24:23-error: [Preview]@http://localhost:7456/scripting/systemjs/system.js:635:21
2022-05-01 18:24:26-error: ENOENT: no such file or directory, stat '/Users/prajwal/PopUpManager/temp/programming/packer-driver/targets/preview/mods/fs/0/assets/Games/BuyToys/BTSScripts/BTSParsing.js'
2022-05-01 18:24:26-error: ENOENT: no such file or directory, stat '/Users/prajwal/PopUpManager/temp/programming/packer-driver/targets/preview/mods/fs/0/assets/Games/POddOneOut/ODOscripts/ODOAudioManager.js'
2022-05-01 18:24:26-error: ENOENT: no such file or directory, stat '/Users/prajwal/PopUpManager/temp/programming/packer-driver/targets/preview/mods/fs/0/assets/Games/POddOneOut/ODOscripts/ODOConstant.js'
2022-05-01 18:24:26-error: ENOENT: no such file or directory, stat '/Users/prajwal/PopUpManager/temp/programming/packer-driver/targets/preview/mods/fs/0/assets/Games/POddOneOut/ODOscripts/ODOProgression.js'
2022-05-01 18:24:26-error: ENOENT: no such file or directory, stat '/Users/prajwal/PopUpManager/temp/programming/packer-driver/targets/preview/mods/fs/0/assets/Games/PictoSudoku/PSDKScripts/PSDKGlobals.js'
2022-05-01 18:24:26-error: ENOENT: no such file or directory, stat '/Users/prajwal/PopUpManager/temp/programming/packer-driver/targets/preview/mods/fs/0/assets/Games/PictoSudoku/PSDKScripts/PSDKLevelSelection.js'
2022-05-01 18:24:26-error: ENOENT: no such file or directory, stat '/Users/prajwal/PopUpManager/temp/programming/packer-driver/targets/preview/mods/fs/0/assets/Games/PictoSudoku/PSDKScripts/PSDKPictoTutorials.js'
2022-05-01 18:24:26-error: ENOENT: no such file or directory, stat '/Users/prajwal/PopUpManager/temp/programming/packer-driver/targets/preview/mods/fs/0/assets/Games/PictoSudoku/PSDKScripts/PSDKThemeSelector.js'
2022-05-01 18:24:26-error: ENOENT: no such file or directory, stat '/Users/prajwal/PopUpManager/temp/programming/packer-driver/targets/preview/mods/fs/0/assets/Games/ToyShop/TSPScripts/TSPGameConst.js'
2022-05-01 18:24:26-error: ENOENT: no such file or directory, stat '/Users/prajwal/PopUpManager/temp/programming/packer-driver/targets/preview/mods/fs/0/assets/Games/WhereAmI/PMGCCScript/PMGCCAudioManager.js'
2022-05-01 18:24:26-error: ENOENT: no such file or directory, stat '/Users/prajwal/PopUpManager/temp/programming/packer-driver/targets/preview/mods/fs/0/assets/Games/WhereAmI/PMGCCScript/PMGCCMainMenu.js'
2022-05-01 18:24:26-error: ENOENT: no such file or directory, stat '/Users/prajwal/PopUpManager/temp/programming/packer-driver/targets/preview/mods/fs/0/assets/TN_Scripts/ClassNodeClick.js'
2022-05-01 18:24:26-error: ENOENT: no such file or directory, stat '/Users/prajwal/PopUpManager/temp/programming/packer-driver/targets/preview/mods/fs/0/assets/Games/BuyToys/BTSScripts/BTSGameConstant.js'
2022-05-01 18:24:26-error: ENOENT: no such file or directory, stat '/Users/prajwal/PopUpManager/temp/programming/packer-driver/targets/preview/mods/fs/0/assets/Games/BuyToys/BTSScripts/BTSMainMenu.js'
2022-05-01 18:24:26-error: ENOENT: no such file or directory, stat '/Users/prajwal/PopUpManager/temp/programming/packer-driver/targets/preview/mods/fs/0/assets/Games/BuyToys/BTSScripts/BTSGameManager.js'
2022-05-01 18:24:26-error: ENOENT: no such file or directory, stat '/Users/prajwal/PopUpManager/temp/programming/packer-driver/targets/preview/mods/fs/0/assets/Games/POddOneOut/ODOscripts/ODOGameManager.js'
2022-05-01 18:24:26-error: ENOENT: no such file or directory, stat '/Users/prajwal/PopUpManager/temp/programming/packer-driver/targets/preview/mods/fs/0/assets/Games/POddOneOut/ODOscripts/ODOParsing.js'
2022-05-01 18:24:26-error: ENOENT: no such file or directory, stat '/Users/prajwal/PopUpManager/temp/programming/packer-driver/targets/preview/mods/fs/0/assets/Games/POddOneOut/ODOscripts/ODOMainMenu.js'
2022-05-01 18:24:26-error: ENOENT: no such file or directory, stat '/Users/prajwal/PopUpManager/temp/programming/packer-driver/targets/preview/mods/fs/0/assets/Games/POddOneOut/ODOscripts/OddOneTutorial.js'
2022-05-01 18:24:26-error: Cannot read property 'url' of undefined
2022-05-01 18:24:26-error: ENOENT: no such file or directory, stat '/Users/prajwal/PopUpManager/temp/programming/packer-driver/targets/preview/mods/fs/0/assets/Games/PictoSudoku/PSDKScripts/PSDKGridBackGroundManager.js'
2022-05-01 18:24:26-error: [Build] Cannot read property 'url' of undefined
2022-05-01 18:24:26-error: ENOENT: no such file or directory, stat '/Users/prajwal/PopUpManager/temp/programming/packer-driver/targets/preview/mods/fs/0/assets/Games/PictoSudoku/PSDKScripts/PSDKGridSolver.js'
2022-05-01 18:24:26-error: ENOENT: no such file or directory, stat '/Users/prajwal/PopUpManager/temp/programming/packer-driver/targets/preview/mods/fs/0/assets/Games/PictoSudoku/PSDKScripts/PSDKAudioManager.js'
2022-05-01 18:24:26-error: ENOENT: no such file or directory, stat '/Users/prajwal/PopUpManager/temp/programming/packer-driver/targets/preview/mods/fs/0/assets/Games/PictoSudoku/PSDKScripts/PSDKParseData.js'
2022-05-01 18:24:26-error: ENOENT: no such file or directory, stat '/Users/prajwal/PopUpManager/temp/programming/packer-driver/targets/preview/mods/fs/0/assets/Games/ToyShop/TSPScripts/TSPMainMenu.js'
2022-05-01 18:24:26-error: ENOENT: no such file or directory, stat '/Users/prajwal/PopUpManager/temp/programming/packer-driver/targets/preview/mods/fs/0/assets/Games/ToyShop/TSPScripts/TSPParsing.js'
2022-05-01 18:24:26-error: ENOENT: no such file or directory, stat '/Users/prajwal/PopUpManager/temp/programming/packer-driver/targets/preview/mods/fs/0/assets/Games/WhereAmI/PMGCCScript/PMGCCMGConstant.js'
2022-05-01 18:24:26-error: ENOENT: no such file or directory, stat '/Users/prajwal/PopUpManager/temp/programming/packer-driver/targets/preview/mods/fs/0/assets/Games/WhereAmI/PMGCCScript/PMGCCGameManager.js'
2022-05-01 18:24:26-error: ENOENT: no such file or directory, stat '/Users/prajwal/PopUpManager/temp/programming/packer-driver/targets/preview/mods/fs/0/assets/Games/ToyShop/TSPScripts/TSPGameManager.js'
2022-05-01 18:24:26-error: ENOENT: no such file or directory, stat '/Users/prajwal/PopUpManager/temp/programming/packer-driver/targets/preview/mods/fs/0/assets/Games/WhereAmI/PMGCCScript/PMGCCWHIProgresion.js'
2022-05-01 18:24:26-error: ENOENT: no such file or directory, stat '/Users/prajwal/PopUpManager/temp/programming/packer-driver/targets/preview/mods/fs/0/assets/Games/WhereAmI/PMGCCScript/PMGCCWHITutorial.js'
2022-05-01 18:24:26-error: ENOENT: no such file or directory, stat '/Users/prajwal/PopUpManager/temp/programming/packer-driver/targets/preview/mods/fs/0/assets/TN_Scripts/TN_GameMenuManager.js'
2022-05-01 18:24:26-error: ENOENT: no such file or directory, stat '/Users/prajwal/PopUpManager/temp/programming/packer-driver/targets/preview/mods/fs/0/assets/TN_Scripts/TN_AssignmentClick.js'
2022-05-01 18:24:26-error: ENOENT: no such file or directory, stat '/Users/prajwal/PopUpManager/temp/programming/packer-driver/targets/preview/mods/fs/0/assets/TN_Scripts/TN_Games_ScrollingManager.js'
2022-05-01 18:24:26-error: ENOENT: no such file or directory, stat '/Users/prajwal/PopUpManager/temp/programming/packer-driver/targets/preview/mods/fs/0/assets/TN_Scripts/TN_Parallax1.js'
2022-05-01 18:24:26-error: ENOENT: no such file or directory, stat '/Users/prajwal/PopUpManager/temp/programming/packer-driver/targets/preview/mods/fs/0/assets/TN_Scripts/TN_ScrollingManager.js'
2022-05-01 18:24:26-error: ENOENT: no such file or directory, stat '/Users/prajwal/PopUpManager/temp/programming/packer-driver/targets/preview/mods/cce/internal/code-quality/cr.js'
2022-05-01 18:24:26-error: ENOENT: no such file or directory, stat '/Users/prajwal/PopUpManager/temp/programming/packer-driver/targets/preview/mods/fs/0/assets/TN_Scripts/TN_Manager.js'
2022-05-01 18:24:27-error: ENOENT: no such file or directory, stat '/Users/prajwal/PopUpManager/temp/programming/packer-driver/targets/preview/mods/fs/0/assets/Games/BuyToys/BTSScripts/BTSParsing.js'
2022-05-01 18:24:27-error: ENOENT: no such file or directory, stat '/Users/prajwal/PopUpManager/temp/programming/packer-driver/targets/preview/mods/fs/0/assets/Games/POddOneOut/ODOscripts/ODOAudioManager.js'
2022-05-01 18:24:27-error: ENOENT: no such file or directory, stat '/Users/prajwal/PopUpManager/temp/programming/packer-driver/targets/preview/mods/fs/0/assets/Games/POddOneOut/ODOscripts/ODOConstant.js'
2022-05-01 18:24:27-error: ENOENT: no such file or directory, stat '/Users/prajwal/PopUpManager/temp/programming/packer-driver/targets/preview/mods/fs/0/assets/Games/POddOneOut/ODOscripts/ODOProgression.js'
2022-05-01 18:24:27-error: ENOENT: no such file or directory, stat '/Users/prajwal/PopUpManager/temp/programming/packer-driver/targets/preview/mods/fs/0/assets/Games/PictoSudoku/PSDKScripts/PSDKGlobals.js'
2022-05-01 18:24:27-error: ENOENT: no such file or directory, stat '/Users/prajwal/PopUpManager/temp/programming/packer-driver/targets/preview/mods/fs/0/assets/Games/PictoSudoku/PSDKScripts/PSDKLevelSelection.js'
2022-05-01 18:24:27-error: ENOENT: no such file or directory, stat '/Users/prajwal/PopUpManager/temp/programming/packer-driver/targets/preview/mods/fs/0/assets/Games/PictoSudoku/PSDKScripts/PSDKPictoTutorials.js'
2022-05-01 18:24:27-error: ENOENT: no such file or directory, stat '/Users/prajwal/PopUpManager/temp/programming/packer-driver/targets/preview/mods/fs/0/assets/Games/PictoSudoku/PSDKScripts/PSDKThemeSelector.js'
2022-05-01 18:24:27-error: ENOENT: no such file or directory, stat '/Users/prajwal/PopUpManager/temp/programming/packer-driver/targets/preview/mods/fs/0/assets/Games/ToyShop/TSPScripts/TSPGameConst.js'
2022-05-01 18:24:27-error: ENOENT: no such file or directory, stat '/Users/prajwal/PopUpManager/temp/programming/packer-driver/targets/preview/mods/fs/0/assets/Games/WhereAmI/PMGCCScript/PMGCCAudioManager.js'
2022-05-01 18:24:27-error: ENOENT: no such file or directory, stat '/Users/prajwal/PopUpManager/temp/programming/packer-driver/targets/preview/mods/fs/0/assets/Games/WhereAmI/PMGCCScript/PMGCCMainMenu.js'
2022-05-01 18:24:27-error: ENOENT: no such file or directory, stat '/Users/prajwal/PopUpManager/temp/programming/packer-driver/targets/preview/mods/fs/0/assets/TN_Scripts/ClassNodeClick.js'
2022-05-01 18:24:27-error: ENOENT: no such file or directory, stat '/Users/prajwal/PopUpManager/temp/programming/packer-driver/targets/preview/mods/fs/0/assets/Games/BuyToys/BTSScripts/BTSGameConstant.js'
2022-05-01 18:24:27-error: ENOENT: no such file or directory, stat '/Users/prajwal/PopUpManager/temp/programming/packer-driver/targets/preview/mods/fs/0/assets/Games/BuyToys/BTSScripts/BTSGameManager.js'
2022-05-01 18:24:27-error: ENOENT: no such file or directory, stat '/Users/prajwal/PopUpManager/temp/programming/packer-driver/targets/preview/mods/fs/0/assets/Games/BuyToys/BTSScripts/BTSMainMenu.js'
2022-05-01 18:24:27-error: ENOENT: no such file or directory, stat '/Users/prajwal/PopUpManager/temp/programming/packer-driver/targets/preview/mods/fs/0/assets/Games/POddOneOut/ODOscripts/ODOGameManager.js'
2022-05-01 18:24:27-error: ENOENT: no such file or directory, stat '/Users/prajwal/PopUpManager/temp/programming/packer-driver/targets/preview/mods/fs/0/assets/Games/POddOneOut/ODOscripts/ODOParsing.js'
2022-05-01 18:24:27-error: ENOENT: no such file or directory, stat '/Users/prajwal/PopUpManager/temp/programming/packer-driver/targets/preview/mods/fs/0/assets/Games/POddOneOut/ODOscripts/ODOMainMenu.js'
2022-05-01 18:24:27-error: ENOENT: no such file or directory, stat '/Users/prajwal/PopUpManager/temp/programming/packer-driver/targets/preview/mods/fs/0/assets/Games/POddOneOut/ODOscripts/OddOneTutorial.js'
2022-05-01 18:24:27-error: ENOENT: no such file or directory, stat '/Users/prajwal/PopUpManager/temp/programming/packer-driver/targets/preview/mods/fs/0/assets/Games/PictoSudoku/PSDKScripts/PSDKGridBackGroundManager.js'
2022-05-01 18:24:27-error: ENOENT: no such file or directory, stat '/Users/prajwal/PopUpManager/temp/programming/packer-driver/targets/preview/mods/fs/0/assets/Games/PictoSudoku/PSDKScripts/PSDKGridSolver.js'
2022-05-01 18:24:27-error: ENOENT: no such file or directory, stat '/Users/prajwal/PopUpManager/temp/programming/packer-driver/targets/preview/mods/fs/0/assets/Games/PictoSudoku/PSDKScripts/PSDKAudioManager.js'
2022-05-01 18:24:27-error: ENOENT: no such file or directory, stat '/Users/prajwal/PopUpManager/temp/programming/packer-driver/targets/preview/mods/fs/0/assets/Games/PictoSudoku/PSDKScripts/PSDKParseData.js'
2022-05-01 18:24:27-error: ENOENT: no such file or directory, stat '/Users/prajwal/PopUpManager/temp/programming/packer-driver/targets/preview/mods/fs/0/assets/Games/ToyShop/TSPScripts/TSPMainMenu.js'
2022-05-01 18:24:27-error: ENOENT: no such file or directory, stat '/Users/prajwal/PopUpManager/temp/programming/packer-driver/targets/preview/mods/fs/0/assets/Games/ToyShop/TSPScripts/TSPParsing.js'
2022-05-01 18:24:27-error: ENOENT: no such file or directory, stat '/Users/prajwal/PopUpManager/temp/programming/packer-driver/targets/preview/mods/fs/0/assets/Games/WhereAmI/PMGCCScript/PMGCCMGConstant.js'
2022-05-01 18:24:27-error: ENOENT: no such file or directory, stat '/Users/prajwal/PopUpManager/temp/programming/packer-driver/targets/preview/mods/fs/0/assets/Games/WhereAmI/PMGCCScript/PMGCCGameManager.js'
2022-05-01 18:24:27-error: ENOENT: no such file or directory, stat '/Users/prajwal/PopUpManager/temp/programming/packer-driver/targets/preview/mods/fs/0/assets/Games/ToyShop/TSPScripts/TSPGameManager.js'
2022-05-01 18:24:27-error: ENOENT: no such file or directory, stat '/Users/prajwal/PopUpManager/temp/programming/packer-driver/targets/preview/mods/fs/0/assets/Games/WhereAmI/PMGCCScript/PMGCCWHIProgresion.js'
2022-05-01 18:24:27-error: ENOENT: no such file or directory, stat '/Users/prajwal/PopUpManager/temp/programming/packer-driver/targets/preview/mods/fs/0/assets/Games/WhereAmI/PMGCCScript/PMGCCWHITutorial.js'
2022-05-01 18:24:27-error: ENOENT: no such file or directory, stat '/Users/prajwal/PopUpManager/temp/programming/packer-driver/targets/preview/mods/fs/0/assets/TN_Scripts/TN_GameMenuManager.js'
2022-05-01 18:24:27-error: ENOENT: no such file or directory, stat '/Users/prajwal/PopUpManager/temp/programming/packer-driver/targets/preview/mods/fs/0/assets/TN_Scripts/TN_AssignmentClick.js'
2022-05-01 18:24:27-error: ENOENT: no such file or directory, stat '/Users/prajwal/PopUpManager/temp/programming/packer-driver/targets/preview/mods/fs/0/assets/TN_Scripts/TN_Games_ScrollingManager.js'
2022-05-01 18:24:27-error: ENOENT: no such file or directory, stat '/Users/prajwal/PopUpManager/temp/programming/packer-driver/targets/preview/mods/fs/0/assets/TN_Scripts/TN_Parallax1.js'
2022-05-01 18:24:27-error: ENOENT: no such file or directory, stat '/Users/prajwal/PopUpManager/temp/programming/packer-driver/targets/preview/mods/fs/0/assets/TN_Scripts/TN_ScrollingManager.js'
2022-05-01 18:24:27-error: ENOENT: no such file or directory, stat '/Users/prajwal/PopUpManager/temp/programming/packer-driver/targets/preview/mods/cce/internal/code-quality/cr.js'
2022-05-01 18:24:27-error: ENOENT: no such file or directory, stat '/Users/prajwal/PopUpManager/temp/programming/packer-driver/targets/preview/mods/fs/0/assets/TN_Scripts/TN_Manager.js'
2022-05-01 18:41:47-log: [vscode-workflow]: Chrome debug setting has been updated to /Users/prajwal/PopUpManager\.vscode\launch.json, please install Debugger for Chrome VS Code extension to debug your project.
2022-05-01 18:41:50-log: [vscode-workflow]: Cocos Creator Compiling task has been added to /Users/prajwal/PopUpManager\.vscode\tasks.json, please run "Cocos Creator compile" task in VS Code to trigger compile in Cocos Creator.
2022-05-01 19:07:02-error: Failed to load module file:///Users/prajwal/PopUpManager/assets/Scripts/PopUpManager.ts: SyntaxError: unknown: Missing semicolon (53:19)

  51 |         if(dets.popupData.length>0)
  52 |         {
> 53 |             for(int i=0;i<dets.popupData.length;i++)
     |                    ^
  54 |             {
  55 |                 if(dets.popupData[i].launchCount==launchCount)
  56 |                 {.
2022-05-01 19:07:02-error: Failed to load module file:///Users/prajwal/PopUpManager/assets/Scripts/PopUpManager.ts: SyntaxError: unknown: Missing semicolon (53:19)

  51 |         if(dets.popupData.length>0)
  52 |         {
> 53 |             for(int i=0;i<dets.popupData.length;i++)
     |                    ^
  54 |             {
  55 |                 if(dets.popupData[i].launchCount==launchCount)
  56 |                 {.
2022-05-01 19:07:02-warn: [Scene] Missing class: 4b8bcrYZ4REirXPi7HsxxIo
2022-05-01 19:07:02-error: [Scene] Error when checking MissingScript 7, SyntaxError: Unexpected token u in JSON at position 0
2022-05-01 19:07:02-error: [Scene] Script "4b8bcrYZ4REirXPi7HsxxIo" attached to "PopUpManager" is missing or invalid. Detailed information:
Script UUID: "4b8bcad8-6784-448a-b5cf-8bb1ecc71228"
Class ID: "4b8bcrYZ4REirXPi7HsxxIo"

2022-05-01 19:07:02-error: [Scene] Script "4b8bcrYZ4REirXPi7HsxxIo" attached to "PopUpManager" is missing or invalid. Detailed information:
Script UUID: "4b8bcad8-6784-448a-b5cf-8bb1ecc71228"
Class ID: "4b8bcrYZ4REirXPi7HsxxIo"

2022-05-01 19:07:03-error: [Preview]Unable to resolve bare specifier '__unresolved_0' from http://localhost:7456/scripting/x/mods/cce/internal/x/prerequisite-imports.js (SystemJS Error#8 https://git.io/JvFET#8)
2022-05-01 19:07:03-error: [Preview]throwUnresolved@http://localhost:7456/scripting/systemjs/system.js:696:16
@http://localhost:7456/scripting/systemjs/system.js:1048:28
@http://localhost:7456/scripting/systemjs/system.js:335:46
map@[native code]
@http://localhost:7456/scripting/systemjs/system.js:333:46
promiseReactionJob@[native code]
2022-05-01 19:07:09-error: Failed to load module file:///Users/prajwal/PopUpManager/assets/Scripts/PopUpManager.ts: SyntaxError: unknown: Missing semicolon (53:19)

  51 |         if(dets.popupData.length>0)
  52 |         {
> 53 |             for(int i=0;i<dets.popupData.length;i++)
     |                    ^
  54 |             {
  55 |                 if(dets.popupData[i].launchCount==launchCount)
  56 |                 {.
2022-05-01 19:07:09-error: Failed to load module file:///Users/prajwal/PopUpManager/assets/Scripts/PopUpManager.ts: SyntaxError: unknown: Missing semicolon (53:19)

  51 |         if(dets.popupData.length>0)
  52 |         {
> 53 |             for(int i=0;i<dets.popupData.length;i++)
     |                    ^
  54 |             {
  55 |                 if(dets.popupData[i].launchCount==launchCount)
  56 |                 {.
2022-05-01 19:07:09-warn: [Scene] Missing class: 4b8bcrYZ4REirXPi7HsxxIo
2022-05-01 19:07:09-error: [Scene] Error when checking MissingScript 7, SyntaxError: Unexpected token u in JSON at position 0
2022-05-01 19:07:09-error: [Scene] Script "4b8bcrYZ4REirXPi7HsxxIo" attached to "PopUpManager" is missing or invalid. Detailed information:
Script UUID: "4b8bcad8-6784-448a-b5cf-8bb1ecc71228"
Class ID: "4b8bcrYZ4REirXPi7HsxxIo"

2022-05-01 19:07:09-error: [Scene] Script "4b8bcrYZ4REirXPi7HsxxIo" attached to "PopUpManager" is missing or invalid. Detailed information:
Script UUID: "4b8bcad8-6784-448a-b5cf-8bb1ecc71228"
Class ID: "4b8bcrYZ4REirXPi7HsxxIo"

2022-05-01 19:07:09-error: [Preview]Unable to resolve bare specifier '__unresolved_0' from http://localhost:7456/scripting/x/mods/cce/internal/x/prerequisite-imports.js (SystemJS Error#8 https://git.io/JvFET#8)
2022-05-01 19:07:09-error: [Preview]throwUnresolved@http://localhost:7456/scripting/systemjs/system.js:696:16
@http://localhost:7456/scripting/systemjs/system.js:1048:28
@http://localhost:7456/scripting/systemjs/system.js:335:46
map@[native code]
@http://localhost:7456/scripting/systemjs/system.js:333:46
promiseReactionJob@[native code]
2022-05-01 19:09:20-error: [Preview]load http://localhost:7456/scripting/x/mods/cce/internal/x/prerequisite-imports.js failed
2022-05-01 19:09:20-error: [Preview]Error loading http://localhost:7456/scripting/x/mods/cce/internal/x/prerequisite-imports.js (SystemJS Error#3 https://git.io/JvFET#3)
2022-05-01 19:09:20-error: [Preview]@http://localhost:7456/scripting/systemjs/system.js:635:21
